<?xml version="1.0" encoding="UTF-8"?>
<!-- Generated by org.testng.reporters.JUnitReportReporter -->
<testsuite hostname="ag496" failures="0" tests="2" name="com.vis.testcases.HomePageTest" time="23.129" errors="0" timestamp="2020-04-25T21:26:09 EET" skipped="0">
  <testcase classname="com.vis.testcases.HomePageTest" name="checkUrl" time="10.348"/>
  <testcase classname="com.vis.testcases.HomePageTest" name="signinbutton" time="12.781"/>
</testsuite> <!-- com.vis.testcases.HomePageTest -->
